INFO:     Uvicorn running on http://0.0.0.0:8000 (Press CTRL+C to quit)
INFO:     Started parent process [663779]
05-24 22:02:29 INFO      
启动时间: 2025-05-24 22:02:29
05-24 22:02:29 INFO      
启动时间: 2025-05-24 22:02:29
05-24 22:02:29 INFO      
启动时间: 2025-05-24 22:02:29
05-24 22:02:29 INFO      
启动时间: 2025-05-24 22:02:29
INFO:     Started server process [663799]
INFO:     Waiting for application startup.
INFO:     Application startup complete.
INFO:     Started server process [663797]
INFO:     Waiting for application startup.
INFO:     Application startup complete.
INFO:     Started server process [663800]
INFO:     Waiting for application startup.
INFO:     Application startup complete.
INFO:     Started server process [663798]
INFO:     Waiting for application startup.
INFO:     Application startup complete.
05-24 22:02:33 INFO      
15159650951748095352sk_wechat
INFO:     172.16.10.5:52206 - "GET /api/v1/wechat_mp?signature=580aee01fc4006ba260c04246d2b4d9887f7e883&echostr=3145846431567314301&timestamp=1748095352&nonce=1515965095 HTTP/1.0" 403 Forbidden
